<?xml version="1.0" encoding="UTF-8"?>
<!-- Generated by org.testng.reporters.JUnitReportReporter -->
<testsuite hostname="reddy" failures="0" tests="1" name="freetrialproject.logintestpage" time="25.147" errors="0" timestamp="2022-05-18T14:05:38 IST" skipped="0">
  <testcase classname="freetrialproject.logintestpage" name="testloginpage" time="25.147"/>
  <system-out/>
</testsuite> <!-- freetrialproject.logintestpage -->
